<?xml version="1.0" encoding="UTF-8"?>
<!-- Generated by org.testng.reporters.JUnitReportReporter -->
<testsuite skipped="0" hostname="DESKTOP-ICSBN6G" name="Tests.Homepage" tests="4" failures="0" timestamp="2022-03-09T21:19:09 IST" time="28.995" errors="0">
  <testcase name="ClickRadioBtn2" time="6.246" classname="Tests.Homepage"/>
  <system-out/>
  <testcase name="ClickRadioBtn" time="10.373" classname="Tests.Homepage"/>
  <system-out/>
  <testcase name="ClickRadioBtn1" time="6.674" classname="Tests.Homepage"/>
  <system-out/>
  <testcase name="GetSubTitle" time="5.702" classname="Tests.Homepage"/>
  <system-out/>
</testsuite> <!-- Tests.Homepage -->
